2021-06-23 12:43:43,158:INFO:Initializing load_model()
2021-06-23 12:43:43,159:INFO:load_model(model_name=machine_failure_classifier, platform=None, authentication=None, verbose=True)
2021-06-23 12:43:46,232:INFO:Initializing load_model()
2021-06-23 12:43:46,233:INFO:load_model(model_name=machine_failure_classifier, platform=None, authentication=None, verbose=True)
2021-06-23 12:43:46,292:INFO:Initializing predict_model()
2021-06-23 12:43:46,293:INFO:predict_model(estimator=Pipeline(steps=[('dtypes',
                 DataTypes_Auto_infer(ml_usecase='classification',
                                      target='machine failure')),
                ('imputer',
                 Simple_Imputer(categorical_strategy='not_available',
                                fill_value_categorical=None,
                                fill_value_numerical=None,
                                numeric_strategy='mean',
                                target_variable=None)),
                ('new_levels1',
                 New_Catagorical_Levels_in_TestData(replacement_strategy='least '
                                                                         'freque...
                ('fix_perfect', Remove_100(target='machine failure')),
                ('clean_names', Clean_Colum_Names()),
                ('feature_select', 'passthrough'), ('fix_multi', 'passthrough'),
                ('dfs',
                 DFS_Classic(interactions=['multiply'], n_jobs=-1,
                             random_state=8648, subclass='binary',
                             target='machine failure',
                             top_features_to_pick_percentage=None)),
                ('pca', 'passthrough'),
                ['trained_model', DecisionTreeClassifier(random_state=8648)]]), probability_threshold=None, encoded_labels=False, raw_score=False, round=4, verbose=True, ml_usecase=MLUsecase.CLASSIFICATION, display=None)
2021-06-23 12:43:46,293:INFO:Checking exceptions
2021-06-23 12:43:46,294:INFO:Preloading libraries
2021-06-26 17:54:26,291:INFO:Initializing load_model()
2021-06-26 17:54:26,292:INFO:load_model(model_name=machine_failure_classifier, platform=None, authentication=None, verbose=True)
2021-06-26 17:54:30,304:INFO:Initializing load_model()
2021-06-26 17:54:30,304:INFO:load_model(model_name=machine_failure_classifier, platform=None, authentication=None, verbose=True)
2021-06-26 17:54:30,343:INFO:Initializing predict_model()
2021-06-26 17:54:30,343:INFO:predict_model(estimator=Pipeline(steps=[('dtypes',
                 DataTypes_Auto_infer(ml_usecase='classification',
                                      target='machine failure')),
                ('imputer',
                 Simple_Imputer(categorical_strategy='not_available',
                                fill_value_categorical=None,
                                fill_value_numerical=None,
                                numeric_strategy='mean',
                                target_variable=None)),
                ('new_levels1',
                 New_Catagorical_Levels_in_TestData(replacement_strategy='least '
                                                                         'freque...
                ('fix_perfect', Remove_100(target='machine failure')),
                ('clean_names', Clean_Colum_Names()),
                ('feature_select', 'passthrough'), ('fix_multi', 'passthrough'),
                ('dfs',
                 DFS_Classic(interactions=['multiply'], n_jobs=-1,
                             random_state=8648, subclass='binary',
                             target='machine failure',
                             top_features_to_pick_percentage=None)),
                ('pca', 'passthrough'),
                ['trained_model', DecisionTreeClassifier(random_state=8648)]]), probability_threshold=None, encoded_labels=False, raw_score=False, round=4, verbose=True, ml_usecase=MLUsecase.CLASSIFICATION, display=None)
2021-06-26 17:54:30,343:INFO:Checking exceptions
2021-06-26 17:54:30,344:INFO:Preloading libraries
